<?xml version="1.0" encoding="UTF-8" ?>
<testsuite tests="1" failures="1" name="TestSuite" time="31.878" errors="0" skipped="0">
  <properties>
[...]
</properties>
  <testcase classname="com.emdcs.qa.testdata.LoginPageTest" name="loginTest" time="31.878">
    <failure message="Cannot locate element with text: 10102222
For documentation on this error, please visit: https://www.seleniumhq.org/exceptions/no_such_element.html
Build info: version: &apos;3.141.59&apos;, revision: &apos;e82be7d358&apos;, time: &apos;2018-11-14T08:17:03&apos;
System info: host: &apos;INTITCCUD-5138&apos;, ip: &apos;169.254.101.157&apos;, os.name: &apos;Windows 7&apos;, os.arch: &apos;amd64&apos;, os.version: &apos;6.1&apos;, java.version: &apos;1.8.0_231&apos;
Driver info: driver.version: unknown" type="org.openqa.selenium.NoSuchElementException">org.openqa.selenium.NoSuchElementException: Cannot locate element with text: 10102222
For documentation on this error, please visit: https://www.seleniumhq.org/exceptions/no_such_element.html
Build info: version: &apos;3.141.59&apos;, revision: &apos;e82be7d358&apos;, time: &apos;2018-11-14T08:17:03&apos;
System info: host: &apos;INTITCCUD-5138&apos;, ip: &apos;169.254.101.157&apos;, os.name: &apos;Windows 7&apos;, os.arch: &apos;amd64&apos;, os.version: &apos;6.1&apos;, java.version: &apos;1.8.0_231&apos;
Driver info: driver.version: unknown
	at org.openqa.selenium.support.ui.Select.selectByVisibleText(Select.java:147)
	at com.emdcs.qa.testdata.LoginPageTest.loginTest(LoginPageTest.java:34)
</failure>
    <system-out>Configuring TestNG with: org.apache.maven.surefire.testng.conf.TestNG652Configurator@156643d4
Before navigating to: &apos;https://portal.mazdausa.com/m171/VehicleTransfer/servlet/VehicleTransfer?id=INIT&amp;fromCntryCd=US&amp;language=en&apos;
Navigated to:&apos;https://portal.mazdausa.com/m171/VehicleTransfer/servlet/VehicleTransfer?id=INIT&amp;fromCntryCd=US&amp;language=en&apos;
Trying to find Element By : By.name: username
Found Element By : By.name: username
Trying to find Element By : By.name: password
Found Element By : By.name: password
Trying to find Element By : By.xpath: //input[@name=&apos;SUBMIT&apos;]
Found Element By : By.xpath: //input[@name=&apos;SUBMIT&apos;]
Trying to click on: [[ChromeDriver: chrome on XP (45de4520d9911c545fe3bc340c7a37b5)] -&gt; xpath: //input[@name=&apos;SUBMIT&apos;]]
Clicked on: [[ChromeDriver: chrome on XP (45de4520d9911c545fe3bc340c7a37b5)] -&gt; xpath: //input[@name=&apos;SUBMIT&apos;]]
Login Successfully
Select the Delaer Code
Trying to find Element By : By.name: dealerCodeSelect
Found Element By : By.name: dealerCodeSelect
Trying to find Element By : By.xpath: .//option[normalize-space(.) = &quot;10102222&quot;]
Found Element By : By.xpath: .//option[normalize-space(.) = &quot;10102222&quot;]
</system-out>
    <system-err>Starting ChromeDriver 77.0.3865.40 (f484704e052e0b556f8030b65b953dce96503217-refs/branch-heads/3865@{#442}) on port 17749
Only local connections are allowed.
Please protect ports used by ChromeDriver and related test frameworks to prevent access by malicious code.
[1576478543.649][WARNING]: This version of ChromeDriver has not been tested with Chrome version 78.
Dec 16, 2019 12:12:25 PM org.openqa.selenium.remote.ProtocolHandshake createSession
INFO: Detected dialect: W3C
</system-err>
  </testcase>
</testsuite>